[27592.312] WRN: A resource bundle lookup returned a result from the root locale (not an error).
[27937.359] ERR: Missing argument 1. (You have found cultural artifacts which awe your citizens! You have received {1_Num} [ICON_CULTURE] Culture!)
[27937.359] ERR: Failed to evaluate parameter 1. You have found cultural artifacts which awe your citizens! You have received {1_Num} [ICON_CULTURE] Culture!
[27937.359] ERR: Missing argument 1. (You have found an ancient oracle. The priestess has blessed you with a divine revelation. You have received {1_Num} [ICON_PEACE] Faith.)
[27937.359] ERR: Failed to evaluate parameter 1. You have found an ancient oracle. The priestess has blessed you with a divine revelation. You have received {1_Num} [ICON_PEACE] Faith.
[27937.359] ERR: Missing argument 1. (You have found a secret religious community. The preacher foretells the arrival of a Great Prophet. You have received {1_Num} [ICON_PEACE] Faith.)
[27937.359] ERR: Failed to evaluate parameter 1. You have found a secret religious community. The preacher foretells the arrival of a Great Prophet. You have received {1_Num} [ICON_PEACE] Faith.
[27937.359] ERR: Missing argument 1. (In the ruins you find the treasures of an ancient empire! You have received {1_Num} [ICON_GOLD] Gold!)
[27937.359] ERR: Failed to evaluate parameter 1. In the ruins you find the treasures of an ancient empire! You have received {1_Num} [ICON_GOLD] Gold!
[27937.578] ERR: Missing argument 1. (You have found cultural artifacts which awe your citizens! You have received {1_Num} [ICON_CULTURE] Culture!)
[27937.578] ERR: Failed to evaluate parameter 1. You have found cultural artifacts which awe your citizens! You have received {1_Num} [ICON_CULTURE] Culture!
[27937.578] ERR: Missing argument 1. (You have found an ancient oracle. The priestess has blessed you with a divine revelation. You have received {1_Num} [ICON_PEACE] Faith.)
[27937.578] ERR: Failed to evaluate parameter 1. You have found an ancient oracle. The priestess has blessed you with a divine revelation. You have received {1_Num} [ICON_PEACE] Faith.
[27937.578] ERR: Missing argument 1. (You have found a secret religious community. The preacher foretells the arrival of a Great Prophet. You have received {1_Num} [ICON_PEACE] Faith.)
[27937.578] ERR: Failed to evaluate parameter 1. You have found a secret religious community. The preacher foretells the arrival of a Great Prophet. You have received {1_Num} [ICON_PEACE] Faith.
[27937.578] ERR: Missing argument 1. (In the ruins you find the treasures of an ancient empire! You have received {1_Num} [ICON_GOLD] Gold!)
[27937.578] ERR: Failed to evaluate parameter 1. In the ruins you find the treasures of an ancient empire! You have received {1_Num} [ICON_GOLD] Gold!
[27995.312] ERR: Missing argument 1. (You have found cultural artifacts which awe your citizens! You have received {1_Num} [ICON_CULTURE] Culture!)
[27995.312] ERR: Failed to evaluate parameter 1. You have found cultural artifacts which awe your citizens! You have received {1_Num} [ICON_CULTURE] Culture!
[27995.312] ERR: Missing argument 1. (You have found an ancient oracle. The priestess has blessed you with a divine revelation. You have received {1_Num} [ICON_PEACE] Faith.)
[27995.312] ERR: Failed to evaluate parameter 1. You have found an ancient oracle. The priestess has blessed you with a divine revelation. You have received {1_Num} [ICON_PEACE] Faith.
[27995.312] ERR: Missing argument 1. (You have found a secret religious community. The preacher foretells the arrival of a Great Prophet. You have received {1_Num} [ICON_PEACE] Faith.)
[27995.312] ERR: Failed to evaluate parameter 1. You have found a secret religious community. The preacher foretells the arrival of a Great Prophet. You have received {1_Num} [ICON_PEACE] Faith.
[27995.312] ERR: Missing argument 1. (In the ruins you find the treasures of an ancient empire! You have received {1_Num} [ICON_GOLD] Gold!)
[27995.312] ERR: Failed to evaluate parameter 1. In the ruins you find the treasures of an ancient empire! You have received {1_Num} [ICON_GOLD] Gold!
[27995.312] ERR: Missing argument 1. (You have found cultural artifacts which awe your citizens! You have received {1_Num} [ICON_CULTURE] Culture!)
[27995.312] ERR: Failed to evaluate parameter 1. You have found cultural artifacts which awe your citizens! You have received {1_Num} [ICON_CULTURE] Culture!
[28002.343] ERR: Missing argument 1. (You have found cultural artifacts which awe your citizens! You have received {1_Num} [ICON_CULTURE] Culture!)
[28002.343] ERR: Failed to evaluate parameter 1. You have found cultural artifacts which awe your citizens! You have received {1_Num} [ICON_CULTURE] Culture!
[28002.343] ERR: Missing argument 1. (You have found an ancient oracle. The priestess has blessed you with a divine revelation. You have received {1_Num} [ICON_PEACE] Faith.)
[28002.343] ERR: Failed to evaluate parameter 1. You have found an ancient oracle. The priestess has blessed you with a divine revelation. You have received {1_Num} [ICON_PEACE] Faith.
[28002.343] ERR: Missing argument 1. (You have found a secret religious community. The preacher foretells the arrival of a Great Prophet. You have received {1_Num} [ICON_PEACE] Faith.)
[28002.343] ERR: Failed to evaluate parameter 1. You have found a secret religious community. The preacher foretells the arrival of a Great Prophet. You have received {1_Num} [ICON_PEACE] Faith.
[28002.343] ERR: Missing argument 1. (In the ruins you find the treasures of an ancient empire! You have received {1_Num} [ICON_GOLD] Gold!)
[28002.343] ERR: Failed to evaluate parameter 1. In the ruins you find the treasures of an ancient empire! You have received {1_Num} [ICON_GOLD] Gold!
[28070.203] ERR: Missing argument 1. (You have found cultural artifacts which awe your citizens! You have received {1_Num} [ICON_CULTURE] Culture!)
[28070.203] ERR: Failed to evaluate parameter 1. You have found cultural artifacts which awe your citizens! You have received {1_Num} [ICON_CULTURE] Culture!
[28070.203] ERR: Missing argument 1. (You have found an ancient oracle. The priestess has blessed you with a divine revelation. You have received {1_Num} [ICON_PEACE] Faith.)
[28070.203] ERR: Failed to evaluate parameter 1. You have found an ancient oracle. The priestess has blessed you with a divine revelation. You have received {1_Num} [ICON_PEACE] Faith.
[28070.203] ERR: Missing argument 1. (You have found a secret religious community. The preacher foretells the arrival of a Great Prophet. You have received {1_Num} [ICON_PEACE] Faith.)
[28070.203] ERR: Failed to evaluate parameter 1. You have found a secret religious community. The preacher foretells the arrival of a Great Prophet. You have received {1_Num} [ICON_PEACE] Faith.
[28070.203] ERR: Missing argument 1. (In the ruins you find the treasures of an ancient empire! You have received {1_Num} [ICON_GOLD] Gold!)
[28070.203] ERR: Failed to evaluate parameter 1. In the ruins you find the treasures of an ancient empire! You have received {1_Num} [ICON_GOLD] Gold!
[28070.203] ERR: Missing argument 1. (You have found cultural artifacts which awe your citizens! You have received {1_Num} [ICON_CULTURE] Culture!)
[28070.203] ERR: Failed to evaluate parameter 1. You have found cultural artifacts which awe your citizens! You have received {1_Num} [ICON_CULTURE] Culture!
[28127.500] ERR: Missing argument 1. (You have found cultural artifacts which awe your citizens! You have received {1_Num} [ICON_CULTURE] Culture!)
[28127.500] ERR: Failed to evaluate parameter 1. You have found cultural artifacts which awe your citizens! You have received {1_Num} [ICON_CULTURE] Culture!
[28127.500] ERR: Missing argument 1. (You have found an ancient oracle. The priestess has blessed you with a divine revelation. You have received {1_Num} [ICON_PEACE] Faith.)
[28127.500] ERR: Failed to evaluate parameter 1. You have found an ancient oracle. The priestess has blessed you with a divine revelation. You have received {1_Num} [ICON_PEACE] Faith.
[28127.500] ERR: Missing argument 1. (You have found a secret religious community. The preacher foretells the arrival of a Great Prophet. You have received {1_Num} [ICON_PEACE] Faith.)
[28127.500] ERR: Failed to evaluate parameter 1. You have found a secret religious community. The preacher foretells the arrival of a Great Prophet. You have received {1_Num} [ICON_PEACE] Faith.
[28127.500] ERR: Missing argument 1. (In the ruins you find the treasures of an ancient empire! You have received {1_Num} [ICON_GOLD] Gold!)
[28127.500] ERR: Failed to evaluate parameter 1. In the ruins you find the treasures of an ancient empire! You have received {1_Num} [ICON_GOLD] Gold!
[28127.500] ERR: Missing argument 1. (You have found cultural artifacts which awe your citizens! You have received {1_Num} [ICON_CULTURE] Culture!)
[28127.500] ERR: Failed to evaluate parameter 1. You have found cultural artifacts which awe your citizens! You have received {1_Num} [ICON_CULTURE] Culture!
[28230.234] ERR: Missing argument 1. (You have found cultural artifacts which awe your citizens! You have received {1_Num} [ICON_CULTURE] Culture!)
[28230.234] ERR: Failed to evaluate parameter 1. You have found cultural artifacts which awe your citizens! You have received {1_Num} [ICON_CULTURE] Culture!
[28230.234] ERR: Missing argument 1. (You have found an ancient oracle. The priestess has blessed you with a divine revelation. You have received {1_Num} [ICON_PEACE] Faith.)
[28230.234] ERR: Failed to evaluate parameter 1. You have found an ancient oracle. The priestess has blessed you with a divine revelation. You have received {1_Num} [ICON_PEACE] Faith.
[28230.234] ERR: Missing argument 1. (You have found a secret religious community. The preacher foretells the arrival of a Great Prophet. You have received {1_Num} [ICON_PEACE] Faith.)
[28230.234] ERR: Failed to evaluate parameter 1. You have found a secret religious community. The preacher foretells the arrival of a Great Prophet. You have received {1_Num} [ICON_PEACE] Faith.
[28230.234] ERR: Missing argument 1. (In the ruins you find the treasures of an ancient empire! You have received {1_Num} [ICON_GOLD] Gold!)
[28230.234] ERR: Failed to evaluate parameter 1. In the ruins you find the treasures of an ancient empire! You have received {1_Num} [ICON_GOLD] Gold!
[28241.718] ERR: Missing argument 1. (You have found cultural artifacts which awe your citizens! You have received {1_Num} [ICON_CULTURE] Culture!)
[28241.718] ERR: Failed to evaluate parameter 1. You have found cultural artifacts which awe your citizens! You have received {1_Num} [ICON_CULTURE] Culture!
[28241.718] ERR: Missing argument 1. (You have found an ancient oracle. The priestess has blessed you with a divine revelation. You have received {1_Num} [ICON_PEACE] Faith.)
[28241.718] ERR: Failed to evaluate parameter 1. You have found an ancient oracle. The priestess has blessed you with a divine revelation. You have received {1_Num} [ICON_PEACE] Faith.
[28241.718] ERR: Missing argument 1. (You have found a secret religious community. The preacher foretells the arrival of a Great Prophet. You have received {1_Num} [ICON_PEACE] Faith.)
[28241.718] ERR: Failed to evaluate parameter 1. You have found a secret religious community. The preacher foretells the arrival of a Great Prophet. You have received {1_Num} [ICON_PEACE] Faith.
[28241.718] ERR: Missing argument 1. (In the ruins you find the treasures of an ancient empire! You have received {1_Num} [ICON_GOLD] Gold!)
[28241.718] ERR: Failed to evaluate parameter 1. In the ruins you find the treasures of an ancient empire! You have received {1_Num} [ICON_GOLD] Gold!
[28241.828] ERR: Missing argument 1. (You have found cultural artifacts which awe your citizens! You have received {1_Num} [ICON_CULTURE] Culture!)
[28241.828] ERR: Failed to evaluate parameter 1. You have found cultural artifacts which awe your citizens! You have received {1_Num} [ICON_CULTURE] Culture!
[28241.828] ERR: Missing argument 1. (You have found an ancient oracle. The priestess has blessed you with a divine revelation. You have received {1_Num} [ICON_PEACE] Faith.)
[28241.828] ERR: Failed to evaluate parameter 1. You have found an ancient oracle. The priestess has blessed you with a divine revelation. You have received {1_Num} [ICON_PEACE] Faith.
[28241.828] ERR: Missing argument 1. (You have found a secret religious community. The preacher foretells the arrival of a Great Prophet. You have received {1_Num} [ICON_PEACE] Faith.)
[28241.828] ERR: Failed to evaluate parameter 1. You have found a secret religious community. The preacher foretells the arrival of a Great Prophet. You have received {1_Num} [ICON_PEACE] Faith.
[28241.828] ERR: Missing argument 1. (In the ruins you find the treasures of an ancient empire! You have received {1_Num} [ICON_GOLD] Gold!)
[28241.828] ERR: Failed to evaluate parameter 1. In the ruins you find the treasures of an ancient empire! You have received {1_Num} [ICON_GOLD] Gold!
[28241.828] ERR: Missing argument 1. (In the ruins you find the treasures of an ancient empire! You have received {1_Num} [ICON_GOLD] Gold!)
[28241.828] ERR: Failed to evaluate parameter 1. In the ruins you find the treasures of an ancient empire! You have received {1_Num} [ICON_GOLD] Gold!
[28242.046] ERR: Missing argument 1. (You have found cultural artifacts which awe your citizens! You have received {1_Num} [ICON_CULTURE] Culture!)
[28242.046] ERR: Failed to evaluate parameter 1. You have found cultural artifacts which awe your citizens! You have received {1_Num} [ICON_CULTURE] Culture!
[28242.046] ERR: Missing argument 1. (You have found an ancient oracle. The priestess has blessed you with a divine revelation. You have received {1_Num} [ICON_PEACE] Faith.)
[28242.046] ERR: Failed to evaluate parameter 1. You have found an ancient oracle. The priestess has blessed you with a divine revelation. You have received {1_Num} [ICON_PEACE] Faith.
[28242.046] ERR: Missing argument 1. (You have found a secret religious community. The preacher foretells the arrival of a Great Prophet. You have received {1_Num} [ICON_PEACE] Faith.)
[28242.046] ERR: Failed to evaluate parameter 1. You have found a secret religious community. The preacher foretells the arrival of a Great Prophet. You have received {1_Num} [ICON_PEACE] Faith.
[28242.046] ERR: Missing argument 1. (In the ruins you find the treasures of an ancient empire! You have received {1_Num} [ICON_GOLD] Gold!)
[28242.046] ERR: Failed to evaluate parameter 1. In the ruins you find the treasures of an ancient empire! You have received {1_Num} [ICON_GOLD] Gold!
[28282.546] ERR: Missing argument 1. (You have found cultural artifacts which awe your citizens! You have received {1_Num} [ICON_CULTURE] Culture!)
[28282.546] ERR: Failed to evaluate parameter 1. You have found cultural artifacts which awe your citizens! You have received {1_Num} [ICON_CULTURE] Culture!
[28282.546] ERR: Missing argument 1. (You have found an ancient oracle. The priestess has blessed you with a divine revelation. You have received {1_Num} [ICON_PEACE] Faith.)
[28282.546] ERR: Failed to evaluate parameter 1. You have found an ancient oracle. The priestess has blessed you with a divine revelation. You have received {1_Num} [ICON_PEACE] Faith.
[28282.546] ERR: Missing argument 1. (You have found a secret religious community. The preacher foretells the arrival of a Great Prophet. You have received {1_Num} [ICON_PEACE] Faith.)
[28282.546] ERR: Failed to evaluate parameter 1. You have found a secret religious community. The preacher foretells the arrival of a Great Prophet. You have received {1_Num} [ICON_PEACE] Faith.
[28282.546] ERR: Missing argument 1. (In the ruins you find the treasures of an ancient empire! You have received {1_Num} [ICON_GOLD] Gold!)
[28282.546] ERR: Failed to evaluate parameter 1. In the ruins you find the treasures of an ancient empire! You have received {1_Num} [ICON_GOLD] Gold!
[28329.125] ERR: Missing argument 1. (You have found cultural artifacts which awe your citizens! You have received {1_Num} [ICON_CULTURE] Culture!)
[28329.125] ERR: Failed to evaluate parameter 1. You have found cultural artifacts which awe your citizens! You have received {1_Num} [ICON_CULTURE] Culture!
[28329.125] ERR: Missing argument 1. (You have found an ancient oracle. The priestess has blessed you with a divine revelation. You have received {1_Num} [ICON_PEACE] Faith.)
[28329.125] ERR: Failed to evaluate parameter 1. You have found an ancient oracle. The priestess has blessed you with a divine revelation. You have received {1_Num} [ICON_PEACE] Faith.
[28329.140] ERR: Missing argument 1. (You have found a secret religious community. The preacher foretells the arrival of a Great Prophet. You have received {1_Num} [ICON_PEACE] Faith.)
[28329.140] ERR: Failed to evaluate parameter 1. You have found a secret religious community. The preacher foretells the arrival of a Great Prophet. You have received {1_Num} [ICON_PEACE] Faith.
[28329.140] ERR: Missing argument 1. (In the ruins you find the treasures of an ancient empire! You have received {1_Num} [ICON_GOLD] Gold!)
[28329.140] ERR: Failed to evaluate parameter 1. In the ruins you find the treasures of an ancient empire! You have received {1_Num} [ICON_GOLD] Gold!
[28407.453] ERR: Missing argument 1. (You have found cultural artifacts which awe your citizens! You have received {1_Num} [ICON_CULTURE] Culture!)
[28407.453] ERR: Failed to evaluate parameter 1. You have found cultural artifacts which awe your citizens! You have received {1_Num} [ICON_CULTURE] Culture!
[28407.453] ERR: Missing argument 1. (You have found an ancient oracle. The priestess has blessed you with a divine revelation. You have received {1_Num} [ICON_PEACE] Faith.)
[28407.453] ERR: Failed to evaluate parameter 1. You have found an ancient oracle. The priestess has blessed you with a divine revelation. You have received {1_Num} [ICON_PEACE] Faith.
[28407.453] ERR: Missing argument 1. (You have found a secret religious community. The preacher foretells the arrival of a Great Prophet. You have received {1_Num} [ICON_PEACE] Faith.)
[28407.453] ERR: Failed to evaluate parameter 1. You have found a secret religious community. The preacher foretells the arrival of a Great Prophet. You have received {1_Num} [ICON_PEACE] Faith.
[28407.453] ERR: Missing argument 1. (In the ruins you find the treasures of an ancient empire! You have received {1_Num} [ICON_GOLD] Gold!)
[28407.453] ERR: Failed to evaluate parameter 1. In the ruins you find the treasures of an ancient empire! You have received {1_Num} [ICON_GOLD] Gold!
[28473.656] ERR: Missing argument 1. (You have found cultural artifacts which awe your citizens! You have received {1_Num} [ICON_CULTURE] Culture!)
[28473.656] ERR: Failed to evaluate parameter 1. You have found cultural artifacts which awe your citizens! You have received {1_Num} [ICON_CULTURE] Culture!
[28473.656] ERR: Missing argument 1. (You have found an ancient oracle. The priestess has blessed you with a divine revelation. You have received {1_Num} [ICON_PEACE] Faith.)
[28473.656] ERR: Failed to evaluate parameter 1. You have found an ancient oracle. The priestess has blessed you with a divine revelation. You have received {1_Num} [ICON_PEACE] Faith.
[28473.656] ERR: Missing argument 1. (You have found a secret religious community. The preacher foretells the arrival of a Great Prophet. You have received {1_Num} [ICON_PEACE] Faith.)
[28473.656] ERR: Failed to evaluate parameter 1. You have found a secret religious community. The preacher foretells the arrival of a Great Prophet. You have received {1_Num} [ICON_PEACE] Faith.
[28473.656] ERR: Missing argument 1. (In the ruins you find the treasures of an ancient empire! You have received {1_Num} [ICON_GOLD] Gold!)
[28473.656] ERR: Failed to evaluate parameter 1. In the ruins you find the treasures of an ancient empire! You have received {1_Num} [ICON_GOLD] Gold!
[28473.656] ERR: Missing argument 1. (You have found cultural artifacts which awe your citizens! You have received {1_Num} [ICON_CULTURE] Culture!)
[28473.656] ERR: Failed to evaluate parameter 1. You have found cultural artifacts which awe your citizens! You have received {1_Num} [ICON_CULTURE] Culture!
[28529.640] ERR: Missing argument 1. (You have found cultural artifacts which awe your citizens! You have received {1_Num} [ICON_CULTURE] Culture!)
[28529.640] ERR: Failed to evaluate parameter 1. You have found cultural artifacts which awe your citizens! You have received {1_Num} [ICON_CULTURE] Culture!
[28529.640] ERR: Missing argument 1. (You have found an ancient oracle. The priestess has blessed you with a divine revelation. You have received {1_Num} [ICON_PEACE] Faith.)
[28529.640] ERR: Failed to evaluate parameter 1. You have found an ancient oracle. The priestess has blessed you with a divine revelation. You have received {1_Num} [ICON_PEACE] Faith.
[28529.640] ERR: Missing argument 1. (You have found a secret religious community. The preacher foretells the arrival of a Great Prophet. You have received {1_Num} [ICON_PEACE] Faith.)
[28529.640] ERR: Failed to evaluate parameter 1. You have found a secret religious community. The preacher foretells the arrival of a Great Prophet. You have received {1_Num} [ICON_PEACE] Faith.
[28529.640] ERR: Missing argument 1. (In the ruins you find the treasures of an ancient empire! You have received {1_Num} [ICON_GOLD] Gold!)
[28529.640] ERR: Failed to evaluate parameter 1. In the ruins you find the treasures of an ancient empire! You have received {1_Num} [ICON_GOLD] Gold!
[28659.046] ERR: Missing argument 1. (You have found cultural artifacts which awe your citizens! You have received {1_Num} [ICON_CULTURE] Culture!)
[28659.046] ERR: Failed to evaluate parameter 1. You have found cultural artifacts which awe your citizens! You have received {1_Num} [ICON_CULTURE] Culture!
[28659.046] ERR: Missing argument 1. (You have found an ancient oracle. The priestess has blessed you with a divine revelation. You have received {1_Num} [ICON_PEACE] Faith.)
[28659.046] ERR: Failed to evaluate parameter 1. You have found an ancient oracle. The priestess has blessed you with a divine revelation. You have received {1_Num} [ICON_PEACE] Faith.
[28659.046] ERR: Missing argument 1. (You have found a secret religious community. The preacher foretells the arrival of a Great Prophet. You have received {1_Num} [ICON_PEACE] Faith.)
[28659.046] ERR: Failed to evaluate parameter 1. You have found a secret religious community. The preacher foretells the arrival of a Great Prophet. You have received {1_Num} [ICON_PEACE] Faith.
[28659.046] ERR: Missing argument 1. (In the ruins you find the treasures of an ancient empire! You have received {1_Num} [ICON_GOLD] Gold!)
[28659.046] ERR: Failed to evaluate parameter 1. In the ruins you find the treasures of an ancient empire! You have received {1_Num} [ICON_GOLD] Gold!
[29887.578] ERR: Missing argument 1. (Your people have started worshipping a pantheon of gods. They have chosen the belief: {1_BeliefName} ({@2_BeliefDesc}))
[29887.578] ERR: Failed to evaluate parameter 1. Your people have started worshipping a pantheon of gods. They have chosen the belief: {1_BeliefName} ({@2_BeliefDesc})
[30955.437] ERR: Missing argument 1. (Your people have started worshipping a pantheon of gods. They have chosen the belief: {1_BeliefName} ({@2_BeliefDesc}))
[30955.437] ERR: Failed to evaluate parameter 1. Your people have started worshipping a pantheon of gods. They have chosen the belief: {1_BeliefName} ({@2_BeliefDesc})
[31968.640] ERR: Missing argument 1. (You have found cultural artifacts which awe your citizens! You have received {1_Num} [ICON_CULTURE] Culture!)
[31968.640] ERR: Failed to evaluate parameter 1. You have found cultural artifacts which awe your citizens! You have received {1_Num} [ICON_CULTURE] Culture!
[31968.640] ERR: Missing argument 1. (You have found an ancient oracle. The priestess has blessed you with a divine revelation. You have received {1_Num} [ICON_PEACE] Faith.)
[31968.640] ERR: Failed to evaluate parameter 1. You have found an ancient oracle. The priestess has blessed you with a divine revelation. You have received {1_Num} [ICON_PEACE] Faith.
[31968.640] ERR: Missing argument 1. (You have found a secret religious community. The preacher foretells the arrival of a Great Prophet. You have received {1_Num} [ICON_PEACE] Faith.)
[31968.640] ERR: Failed to evaluate parameter 1. You have found a secret religious community. The preacher foretells the arrival of a Great Prophet. You have received {1_Num} [ICON_PEACE] Faith.
[31968.640] ERR: Missing argument 1. (In the ruins you find the treasures of an ancient empire! You have received {1_Num} [ICON_GOLD] Gold!)
[31968.640] ERR: Failed to evaluate parameter 1. In the ruins you find the treasures of an ancient empire! You have received {1_Num} [ICON_GOLD] Gold!
[32039.343] ERR: Missing argument 1. (You have found cultural artifacts which awe your citizens! You have received {1_Num} [ICON_CULTURE] Culture!)
[32039.343] ERR: Failed to evaluate parameter 1. You have found cultural artifacts which awe your citizens! You have received {1_Num} [ICON_CULTURE] Culture!
[32039.343] ERR: Missing argument 1. (You have found an ancient oracle. The priestess has blessed you with a divine revelation. You have received {1_Num} [ICON_PEACE] Faith.)
[32039.343] ERR: Failed to evaluate parameter 1. You have found an ancient oracle. The priestess has blessed you with a divine revelation. You have received {1_Num} [ICON_PEACE] Faith.
[32039.343] ERR: Missing argument 1. (You have found a secret religious community. The preacher foretells the arrival of a Great Prophet. You have received {1_Num} [ICON_PEACE] Faith.)
[32039.343] ERR: Failed to evaluate parameter 1. You have found a secret religious community. The preacher foretells the arrival of a Great Prophet. You have received {1_Num} [ICON_PEACE] Faith.
[32039.343] ERR: Missing argument 1. (In the ruins you find the treasures of an ancient empire! You have received {1_Num} [ICON_GOLD] Gold!)
[32039.343] ERR: Failed to evaluate parameter 1. In the ruins you find the treasures of an ancient empire! You have received {1_Num} [ICON_GOLD] Gold!
[32039.343] ERR: Missing argument 1. (You have found cultural artifacts which awe your citizens! You have received {1_Num} [ICON_CULTURE] Culture!)
[32039.343] ERR: Failed to evaluate parameter 1. You have found cultural artifacts which awe your citizens! You have received {1_Num} [ICON_CULTURE] Culture!
[32089.859] ERR: Missing argument 1. (Your people have started worshipping a pantheon of gods. They have chosen the belief: {1_BeliefName} ({@2_BeliefDesc}))
[32089.859] ERR: Failed to evaluate parameter 1. Your people have started worshipping a pantheon of gods. They have chosen the belief: {1_BeliefName} ({@2_BeliefDesc})
[32179.890] ERR: Missing argument 1. (You have found cultural artifacts which awe your citizens! You have received {1_Num} [ICON_CULTURE] Culture!)
[32179.890] ERR: Failed to evaluate parameter 1. You have found cultural artifacts which awe your citizens! You have received {1_Num} [ICON_CULTURE] Culture!
[32179.890] ERR: Missing argument 1. (You have found an ancient oracle. The priestess has blessed you with a divine revelation. You have received {1_Num} [ICON_PEACE] Faith.)
[32179.890] ERR: Failed to evaluate parameter 1. You have found an ancient oracle. The priestess has blessed you with a divine revelation. You have received {1_Num} [ICON_PEACE] Faith.
[32179.890] ERR: Missing argument 1. (You have found a secret religious community. The preacher foretells the arrival of a Great Prophet. You have received {1_Num} [ICON_PEACE] Faith.)
[32179.890] ERR: Failed to evaluate parameter 1. You have found a secret religious community. The preacher foretells the arrival of a Great Prophet. You have received {1_Num} [ICON_PEACE] Faith.
[32179.906] ERR: Missing argument 1. (In the ruins you find the treasures of an ancient empire! You have received {1_Num} [ICON_GOLD] Gold!)
[32179.906] ERR: Failed to evaluate parameter 1. In the ruins you find the treasures of an ancient empire! You have received {1_Num} [ICON_GOLD] Gold!
[32179.906] ERR: Missing argument 1. (In the ruins you find the treasures of an ancient empire! You have received {1_Num} [ICON_GOLD] Gold!)
[32179.906] ERR: Failed to evaluate parameter 1. In the ruins you find the treasures of an ancient empire! You have received {1_Num} [ICON_GOLD] Gold!
[32216.828] ERR: Missing argument 1. (You have found cultural artifacts which awe your citizens! You have received {1_Num} [ICON_CULTURE] Culture!)
[32216.828] ERR: Failed to evaluate parameter 1. You have found cultural artifacts which awe your citizens! You have received {1_Num} [ICON_CULTURE] Culture!
[32216.828] ERR: Missing argument 1. (You have found an ancient oracle. The priestess has blessed you with a divine revelation. You have received {1_Num} [ICON_PEACE] Faith.)
[32216.828] ERR: Failed to evaluate parameter 1. You have found an ancient oracle. The priestess has blessed you with a divine revelation. You have received {1_Num} [ICON_PEACE] Faith.
[32216.828] ERR: Missing argument 1. (You have found a secret religious community. The preacher foretells the arrival of a Great Prophet. You have received {1_Num} [ICON_PEACE] Faith.)
[32216.828] ERR: Failed to evaluate parameter 1. You have found a secret religious community. The preacher foretells the arrival of a Great Prophet. You have received {1_Num} [ICON_PEACE] Faith.
[32216.828] ERR: Missing argument 1. (In the ruins you find the treasures of an ancient empire! You have received {1_Num} [ICON_GOLD] Gold!)
[32216.828] ERR: Failed to evaluate parameter 1. In the ruins you find the treasures of an ancient empire! You have received {1_Num} [ICON_GOLD] Gold!
[34423.781] ERR: Missing argument 1. (Your people have started worshipping a pantheon of gods. They have chosen the belief: {1_BeliefName} ({@2_BeliefDesc}))
[34423.781] ERR: Failed to evaluate parameter 1. Your people have started worshipping a pantheon of gods. They have chosen the belief: {1_BeliefName} ({@2_BeliefDesc})
[35364.968] ERR: Missing argument 1. (Your people have started worshipping a pantheon of gods. They have chosen the belief: {1_BeliefName} ({@2_BeliefDesc}))
[35364.968] ERR: Failed to evaluate parameter 1. Your people have started worshipping a pantheon of gods. They have chosen the belief: {1_BeliefName} ({@2_BeliefDesc})
[42587.515] ERR: Missing argument 1. ({1_PlayerName} lost their original [ICON_CAPITAL] Capital. {2_PlayerName} controls the most original [ICON_CAPITAL] Capitals. ({3_Num}))
[42587.515] ERR: Failed to evaluate parameter 1. {1_PlayerName} lost their original [ICON_CAPITAL] Capital. {2_PlayerName} controls the most original [ICON_CAPITAL] Capitals. ({3_Num})
