[27592.250] DBG: SystemInit: DistanceFog_System::Startup(): 1 Milliseconds
[27592.250] DBG: SystemInit: ColorKey_System::Startup(): 45 Milliseconds
[27592.250] DBG: SystemInit: GameSplineDatabase::Startup(): 0 Milliseconds
[27592.250] DBG: SystemInit: RiverVisSystem::Startup(): 0 Milliseconds
[27592.250] DBG: SystemInit: Unit_System::Startup(): 4165 Milliseconds
[27592.250] DBG: SystemInit: Overlay_System::Startup(): 44 Milliseconds
[27592.250] DBG: SystemInit: Arrow_System::Startup(): 5 Milliseconds
[27592.250] DBG: SystemInit: MovementPathSystem::Startup(): 80 Milliseconds
[27592.250] DBG: SystemInit: Decal_System::Startup(): 0 Milliseconds
[27592.250] DBG: SystemInit: FluidFOW_System::Startup(): 35 Milliseconds
[27592.250] DBG: SystemInit: FOW_System::Startup(): 0 Milliseconds
[27592.250] DBG: SystemInit: City_System::Startup(): 1380 Milliseconds
[27592.250] DBG: SystemInit: LandmarkSystem::Startup(): 4162 Milliseconds
[27592.250] DBG: SystemInit: Forest_System::Startup(): 41 Milliseconds
[27592.250] DBG: SystemInit: Particle_System::Startup(): 217 Milliseconds
[27592.250] DBG: SystemInit: Wave_System::Startup(): 0 Milliseconds
[27592.250] DBG: SystemInit: MiniMap_System::Startup(): 2 Milliseconds
[27592.250] DBG: SystemInit: TerrainSystem::Startup(): 299 Milliseconds
[27592.250] DBG: SystemInit: LeaderHead_System::Startup(): 6 Milliseconds
[27592.250] DBG: SystemInit: Combat_System::Startup(): 0 Milliseconds
[27592.250] DBG: SystemInit: StrategicView::Startup(): 35 Milliseconds
[27592.250] DBG: SystemInit: AudioSimSystem::Startup(): 0 Milliseconds
[27835.078] DBG: SystemInit: RoadLayout::GameView::Startup(): 9 Milliseconds
[27835.078] DBG: SystemInit: DynamicGeometryVisSystem::GameView::Startup(): 0 Milliseconds
[27835.078] DBG: SystemInit: LoadGameState::GameViewState::Startup(): 21 Milliseconds
[27837.734] DBG: SystemInit: StartInitTerrainFromGameplayMap(): 2657 Milliseconds
[27839.203] DBG: SystemInit: GameViewStateLuaContextInit::StartupGame(): 1358 Milliseconds
[27839.203] DBG: SystemInit: InitDebugMenu::StartupGame(): 0 Milliseconds
[27839.203] DBG: SystemInit: DynamicGeometryLib::StartupGame(): 20 Milliseconds
[27839.203] DBG: SystemInit: LeaderHeadState::StartupGame(): 39 Milliseconds
[27839.203] DBG: SystemInit: ForestSystem::StartupGame(): 12 Milliseconds
[27839.203] DBG: SystemInit: TerrainSystem::StartupGame(): 0 Milliseconds
[27839.203] DBG: SystemInit: Landmark&DynamicGeometrySystem::StartupGame(): 0 Milliseconds
[27839.203] DBG: SystemInit: OverlaySystem::StartupGame(): 0 Milliseconds
[27839.203] DBG: SystemInit: MovementPath::StartupGame(): 0 Milliseconds
[27839.203] DBG: SystemInit: FogSystem::StartupGame(): 0 Milliseconds
[27839.203] DBG: SystemInit: FluidFogSystem::StartupGame(): 10 Milliseconds
[27839.203] DBG: SystemInit: UnitSimSystem::StartupGame(): 0 Milliseconds
[27839.203] DBG: SystemInit: CityBuildingSystem::StartupGame(): 2 Milliseconds
[27839.203] DBG: SystemInit: ParticleSystem::StartupGame(): 0 Milliseconds
[27839.203] DBG: SystemInit: StrategicViewSystem::StartupGame(): 2 Milliseconds
[27839.203] DBG: SystemInit: MiniMapSystem::StartupGame(): 1 Milliseconds
[27839.203] DBG: SystemInit: WaveSystem::StartupGame(): 2 Milliseconds
[27839.203] DBG: SystemInit: LeaderHeadSystem::StartupGame(): 0 Milliseconds
[27839.203] DBG: SystemInit: AudioSimSystem::StartupGame(): 14 Milliseconds
[27839.281] DBG: SystemInit: LoadGameState::GameViewState::StartupGame(): 1476 Milliseconds
[27839.281] DBG: SystemInit: LoadGameState::StartInitStuffOnMap(): 2 Milliseconds
[27839.437] DBG: SystemInit: CreateTreeShadows(): 124 Milliseconds
[27839.437] DBG: SystemInit: StartGPUInitWork(): 1 Milliseconds
[27839.703] DBG: SystemInit: NetPlayer::IAmReady(): 0 Milliseconds
[27840.484] DBG: SystemInit: WaitForNetPlayers(): 0 Milliseconds
[27840.484] DBG: SystemInit: LoadGameState_TOTAL(): 4707 Milliseconds
