[7185.421] , Colors, 0.000477
[7185.421] , PlayerColors, 0.000605
[7185.421] , InterfaceModes, 0.000277
[7185.437] , AICityStrategies, 0.002036
[7185.437] , AIEconomicStrategies, 0.003107
[7185.437] , AIGrandStrategies, 0.000466
[7185.437] , AIMilitaryStrategies, 0.002893
[7185.437] , CitySpecializations, 0.000734
[7185.437] , TacticalMoves, 0.000235
[7185.437] , UnitAIInfos, 0.000237
[7185.437] , UnitCombatInfos, 0.000058
[7185.437] , BuildingClasses, 0.001961
[7185.546] , Buildings, 0.100749
[7185.546] , EmphasizeInfos, 0.000163
[7185.546] , Eras, 0.000279
[7185.546] , GameOptions, 0.000142
[7185.546] , GameSpeeds, 0.000287
[7185.546] , HandicapInfos, 0.001244
[7185.546] , HurryInfos, 0.000044
[7185.546] , MultiplayerOptions, 0.000041
[7185.546] , PlayerOptions, 0.000093
[7185.593] , Policies, 0.043905
[7185.593] , PolicyBranchTypes, 0.000392
[7185.593] , Processes, 0.000239
[7185.593] , Projects, 0.000655
[7185.593] , SmallAwards, 0.000023
[7185.593] , Specialists, 0.000419
[7185.593] , Victories, 0.000154
[7185.593] , Votes, 0.000192
[7185.593] , VoteSources, 0.000070
[7185.593] , Domains, 0.000053
[7185.609] , Leaders, 0.013137
[7185.609] , Routes, 0.000222
[7185.609] , Notifications, 0.000126
[7185.625] , Technologies, 0.013467
[7185.625] , Features, 0.002215
[7185.625] , Improvements, 0.007594
[7185.625] , ResourceClasses, 0.000035
[7185.625] , Resources, 0.005082
[7185.640] , Terrains, 0.000630
[7185.640] , Yields, 0.000077
[7185.640] , Automates, 0.000076
[7185.640] , Builds, 0.003090
[7185.640] , Commands, 0.000149
[7185.640] , Controls, 0.000687
[7185.640] , EntityEvents, 0.001053
[7185.640] , Missions, 0.000601
[7185.640] , MultiUnitFormations, 0.001007
[7185.640] , SpecialUnits, 0.000337
[7185.640] , UnitClasses, 0.000434
[7185.671] , UnitPromotions, 0.029756
[7185.734] , Units, 0.069851
[7185.765] , Civilizations, 0.028906
[7185.781] , MinorCivilizations, 0.004259
[7185.781] , Traits, 0.010953
[7185.781] , Religions, 0.000086
[7185.812] , Beliefs, 0.025714
[7185.812] , LeagueSpecialSessions, 0.000095
[7185.812] , LeagueNames, 0.000039
[7185.812] , LeagueProjects, 0.000076
[7185.812] , LeagueProjectRewards, 0.000130
[7185.812] , Resolutions, 0.000345
[7185.812] , PrefetchGameData, 0.385127
[7185.812] , UpdatePlayableCivilizationCounts, 0.000005
[7185.812] , SetGlobalActionInfo, 0.000217
[7185.859] , Colors, 0.000478
[7185.859] , PlayerColors, 0.000630
[7185.859] , InterfaceModes, 0.000406
[7185.859] , AICityStrategies, 0.002833
[7185.875] , AIEconomicStrategies, 0.003191
[7185.875] , AIGrandStrategies, 0.000327
[7185.875] , AIMilitaryStrategies, 0.003810
[7185.875] , CitySpecializations, 0.000932
[7185.875] , TacticalMoves, 0.000409
[7185.875] , UnitAIInfos, 0.000197
[7185.875] , UnitCombatInfos, 0.000067
[7185.875] , BuildingClasses, 0.002040
[7186.000] , Buildings, 0.115728
[7186.000] , EmphasizeInfos, 0.000283
[7186.000] , Eras, 0.000298
[7186.000] , GameOptions, 0.000145
[7186.000] , GameSpeeds, 0.000259
[7186.000] , HandicapInfos, 0.001297
[7186.000] , HurryInfos, 0.000052
[7186.000] , MultiplayerOptions, 0.000046
[7186.000] , PlayerOptions, 0.000099
[7186.046] , Policies, 0.051284
[7186.046] , PolicyBranchTypes, 0.000387
[7186.046] , Processes, 0.000295
[7186.046] , Projects, 0.000890
[7186.046] , SmallAwards, 0.000030
[7186.046] , Specialists, 0.000383
[7186.046] , Victories, 0.000131
[7186.046] , Votes, 0.000092
[7186.046] , VoteSources, 0.000044
[7186.046] , Domains, 0.000036
[7186.078] , Leaders, 0.029661
[7186.078] , Routes, 0.000608
[7186.078] , Notifications, 0.000233
[7186.093] , Technologies, 0.013159
[7186.093] , Features, 0.002787
[7186.109] , Improvements, 0.011515
[7186.109] , ResourceClasses, 0.000041
[7186.109] , Resources, 0.005544
[7186.109] , Terrains, 0.000799
[7186.109] , Yields, 0.000102
[7186.109] , Automates, 0.000079
[7186.125] , Builds, 0.003415
[7186.125] , Commands, 0.000162
[7186.125] , Controls, 0.000460
[7186.125] , EntityEvents, 0.001076
[7186.125] , Missions, 0.000557
[7186.125] , MultiUnitFormations, 0.000985
[7186.125] , SpecialUnits, 0.000266
[7186.125] , UnitClasses, 0.000411
[7186.156] , UnitPromotions, 0.032870
[7186.218] , Units, 0.065078
[7186.250] , Civilizations, 0.026887
[7186.250] , MinorCivilizations, 0.003803
[7186.265] , Traits, 0.012075
[7186.265] , Religions, 0.000100
[7186.281] , Beliefs, 0.023105
[7186.281] , LeagueSpecialSessions, 0.000084
[7186.281] , LeagueNames, 0.000025
[7186.281] , LeagueProjects, 0.000056
[7186.281] , LeagueProjectRewards, 0.000094
[7186.281] , Resolutions, 0.000292
[7186.281] , PrefetchGameData, 0.426701
[7186.281] , UpdatePlayableCivilizationCounts, 0.000002
[7186.281] , SetGlobalActionInfo, 0.000156
